<?xml version="1.0" encoding="utf-8"?><testsuites name="pytest tests"><testsuite name="pytest" errors="0" failures="0" skipped="0" tests="15" time="2.284" timestamp="2026-03-20T09:50:43.798490+00:00" hostname="agent-env-bb140fe2-1201-4510-941a-d009c079012e"><testcase classname="backend.tests.test_gmb_iteration13.TestHealthCheck" name="test_health_endpoint" time="0.150" /><testcase classname="backend.tests.test_gmb_iteration13.TestGMBReviewStats" name="test_review_stats_target_rating_is_5" time="0.471" /><testcase classname="backend.tests.test_gmb_iteration13.TestGMBReviewStats" name="test_review_stats_practical_target_is_4_9" time="0.094" /><testcase classname="backend.tests.test_gmb_iteration13.TestGMBReviewStats" name="test_reviews_for_target_calculation" time="0.095" /><testcase classname="backend.tests.test_gmb_iteration13.TestGMBReviewStats" name="test_review_stats_has_distribution" time="0.110" /><testcase classname="backend.tests.test_gmb_iteration13.TestGMBReviewStats" name="test_review_stats_has_reviews" time="0.095" /><testcase classname="backend.tests.test_gmb_iteration13.TestGMBCompetitors" name="test_competitors_has_search_rank" time="0.118" /><testcase classname="backend.tests.test_gmb_iteration13.TestGMBCompetitors" name="test_competitors_search_rank_value" time="0.142" /><testcase classname="backend.tests.test_gmb_iteration13.TestGMBCompetitors" name="test_competitors_have_search_rank" time="0.103" /><testcase classname="backend.tests.test_gmb_iteration13.TestGMBCompetitors" name="test_competitors_share_business_types" time="0.102" /><testcase classname="backend.tests.test_gmb_iteration13.TestGMBCompetitors" name="test_competitors_sorted_by_search_rank" time="0.097" /><testcase classname="backend.tests.test_gmb_iteration13.TestGMBAuthentication" name="test_review_stats_requires_auth" time="0.133" /><testcase classname="backend.tests.test_gmb_iteration13.TestGMBAuthentication" name="test_competitors_requires_auth" time="0.094" /><testcase classname="backend.tests.test_gmb_iteration13.TestLogin" name="test_login_with_valid_credentials" time="0.315" /><testcase classname="backend.tests.test_gmb_iteration13.TestLogin" name="test_login_with_invalid_credentials" time="0.094" /></testsuite></testsuites>