<?xml version="1.0" encoding="utf-8"?><testsuites name="pytest tests"><testsuite name="pytest" errors="0" failures="0" skipped="0" tests="17" time="9.448" timestamp="2026-03-20T08:51:43.154670+00:00" hostname="agent-env-bb140fe2-1201-4510-941a-d009c079012e"><testcase classname="backend.tests.test_gmb_api.TestHealthCheck" name="test_health_endpoint" time="0.164" /><testcase classname="backend.tests.test_gmb_api.TestGMBAuthentication" name="test_gmb_status_requires_auth" time="0.092" /><testcase classname="backend.tests.test_gmb_api.TestGMBAuthentication" name="test_gmb_api_key_requires_auth" time="0.100" /><testcase classname="backend.tests.test_gmb_api.TestGMBAuthentication" name="test_gmb_review_stats_requires_auth" time="0.113" /><testcase classname="backend.tests.test_gmb_api.TestBusinessAdminLogin" name="test_login_business_admin" time="0.340" /><testcase classname="backend.tests.test_gmb_api.TestGMBStatus" name="test_get_gmb_status" time="0.403" /><testcase classname="backend.tests.test_gmb_api.TestGMBApiKey" name="test_save_api_key" time="0.125" /><testcase classname="backend.tests.test_gmb_api.TestGMBApiKey" name="test_save_api_key_empty_fails" time="0.101" /><testcase classname="backend.tests.test_gmb_api.TestGMBSearch" name="test_search_requires_query" time="0.106" /><testcase classname="backend.tests.test_gmb_api.TestGMBSearch" name="test_search_with_invalid_api_key" time="0.241" /><testcase classname="backend.tests.test_gmb_api.TestGMBReviewStats" name="test_get_review_stats" time="0.108" /><testcase classname="backend.tests.test_gmb_api.TestGMBCompetitors" name="test_get_competitors" time="0.101" /><testcase classname="backend.tests.test_gmb_api.TestGMBPerformance" name="test_get_performance" time="0.112" /><testcase classname="backend.tests.test_gmb_api.TestGMBSentiment" name="test_get_cached_sentiment" time="0.102" /><testcase classname="backend.tests.test_gmb_api.TestGMBSentiment" name="test_run_sentiment_analysis" time="6.939" /><testcase classname="backend.tests.test_gmb_api.TestGMBRemoveBusiness" name="test_remove_business" time="0.128" /><testcase classname="backend.tests.test_gmb_api.TestGMBSelectBusiness" name="test_select_requires_place_id" time="0.097" /></testsuite></testsuites>