<?xml version="1.0" encoding="utf-8"?><testsuites name="pytest tests"><testsuite name="pytest" errors="0" failures="0" skipped="0" tests="12" time="15.666" timestamp="2026-05-06T17:58:01.130500+00:00" hostname="agent-env-57482529-1bf5-47e8-8f31-194bf506b2d4"><testcase classname="backend.tests.test_iter16_compose_signature_platforms.TestPlatformCategories" name="test_returns_categorized_list" time="0.570" /><testcase classname="backend.tests.test_iter16_compose_signature_platforms.TestPlatformCategories" name="test_required_regional_platforms_present" time="0.090" /><testcase classname="backend.tests.test_iter16_compose_signature_platforms.TestPlatformCategories" name="test_other_category_has_other_platform" time="0.064" /><testcase classname="backend.tests.test_iter16_compose_signature_platforms.TestComposePost" name="test_compose_post_valid_prompt" time="5.909" /><testcase classname="backend.tests.test_iter16_compose_signature_platforms.TestComposePost" name="test_compose_post_short_prompt_returns_400" time="0.075" /><testcase classname="backend.tests.test_iter16_compose_signature_platforms.TestComposePost" name="test_compose_post_disable_flags" time="2.810" /><testcase classname="backend.tests.test_iter16_compose_signature_platforms.TestSettingsSignature" name="test_put_signature_with_branch_id_persists_at_client_level" time="0.186" /><testcase classname="backend.tests.test_iter16_compose_signature_platforms.TestSettingsSignature" name="test_suggest_reply_appends_signature_when_enabled" time="2.718" /><testcase classname="backend.tests.test_iter16_compose_signature_platforms.TestSettingsSignature" name="test_suggest_reply_omits_signature_when_disabled" time="2.293" /><testcase classname="backend.tests.test_iter16_compose_signature_platforms.TestCustomPlatformsWithCategory" name="test_create_known_platform_resolves_name" time="0.128" /><testcase classname="backend.tests.test_iter16_compose_signature_platforms.TestCustomPlatformsWithCategory" name="test_create_other_platform_with_custom_name" time="0.064" /><testcase classname="backend.tests.test_iter16_compose_signature_platforms.TestCustomPlatformsWithCategory" name="test_other_without_name_fails" time="0.684" /></testsuite></testsuites>