<?xml version="1.0" encoding="utf-8"?><testsuites name="pytest tests"><testsuite name="pytest" errors="0" failures="0" skipped="0" tests="19" time="2.495" timestamp="2026-02-20T16:25:43.024327+00:00" hostname="agent-env-16d90e99-9e8a-400b-9542-24c796449745"><testcase classname="backend.tests.test_iteration9_seed_upload.TestAuth" name="test_ba_login_success" time="0.457" /><testcase classname="backend.tests.test_iteration9_seed_upload.TestAuth" name="test_demo_endpoint_returns_key" time="0.070" /><testcase classname="backend.tests.test_iteration9_seed_upload.TestAuth" name="test_login_without_auth_returns_401" time="0.076" /><testcase classname="backend.tests.test_iteration9_seed_upload.TestSeedApi" name="test_seed_demo_data_requires_auth" time="0.061" /><testcase classname="backend.tests.test_iteration9_seed_upload.TestSeedApi" name="test_seed_demo_data_with_ba_auth" time="0.484" /><testcase classname="backend.tests.test_iteration9_seed_upload.TestSeedApi" name="test_reviews_api_returns_seeded_data" time="0.059" /><testcase classname="backend.tests.test_iteration9_seed_upload.TestSeedApi" name="test_social_posts_api_returns_seeded_data" time="0.057" /><testcase classname="backend.tests.test_iteration9_seed_upload.TestSeedApi" name="test_social_post_detail_has_comments" time="0.123" /><testcase classname="backend.tests.test_iteration9_seed_upload.TestSeedApi" name="test_clear_demo_data_requires_auth" time="0.086" /><testcase classname="backend.tests.test_iteration9_seed_upload.TestSeedApi" name="test_clear_demo_data_with_ba_auth" time="0.068" /><testcase classname="backend.tests.test_iteration9_seed_upload.TestSeedApi" name="test_reviews_empty_after_clear" time="0.066" /><testcase classname="backend.tests.test_iteration9_seed_upload.TestUploadApi" name="test_upload_requires_auth" time="0.089" /><testcase classname="backend.tests.test_iteration9_seed_upload.TestUploadApi" name="test_upload_images_with_valid_file" time="0.226" /><testcase classname="backend.tests.test_iteration9_seed_upload.TestUploadApi" name="test_upload_invalid_file_type" time="0.168" /><testcase classname="backend.tests.test_iteration9_seed_upload.TestReviewsApi" name="test_reviews_endpoint_works" time="0.060" /><testcase classname="backend.tests.test_iteration9_seed_upload.TestReviewsApi" name="test_reviews_platform_filter" time="0.082" /><testcase classname="backend.tests.test_iteration9_seed_upload.TestReviewsApi" name="test_reviews_status_filter" time="0.058" /><testcase classname="backend.tests.test_iteration9_seed_upload.TestSocialApi" name="test_social_posts_endpoint_works" time="0.056" /><testcase classname="backend.tests.test_iteration9_seed_upload.TestSocialApi" name="test_social_posts_platform_filter" time="0.060" /></testsuite></testsuites>