<?xml version="1.0" encoding="utf-8"?><testsuites name="pytest tests"><testsuite name="pytest" errors="0" failures="0" skipped="0" tests="18" time="36.393" timestamp="2026-04-30T15:10:10.296820+00:00" hostname="agent-env-a09c1381-bb35-4483-8405-4241193016aa"><testcase classname="backend.tests.test_events_and_ai.TestEventsCRUD" name="test_list_events_initial" time="0.629" /><testcase classname="backend.tests.test_events_and_ai.TestEventsCRUD" name="test_create_event" time="0.185" /><testcase classname="backend.tests.test_events_and_ai.TestEventsCRUD" name="test_list_events_after_create" time="0.158" /><testcase classname="backend.tests.test_events_and_ai.TestEventsCRUD" name="test_update_event_toggle_inactive" time="0.129" /><testcase classname="backend.tests.test_events_and_ai.TestEventsCRUD" name="test_public_inactive_returns_403" time="0.125" /><testcase classname="backend.tests.test_events_and_ai.TestEventsCRUD" name="test_reactivate_event" time="0.113" /><testcase classname="backend.tests.test_events_and_ai.TestEventsCRUD" name="test_public_event_info_active" time="0.112" /><testcase classname="backend.tests.test_events_and_ai.TestEventsCRUD" name="test_public_event_info_404" time="0.118" /><testcase classname="backend.tests.test_events_and_ai.TestEventsCRUD" name="test_public_register_success" time="0.139" /><testcase classname="backend.tests.test_events_and_ai.TestEventsCRUD" name="test_public_register_duplicate_409" time="0.151" /><testcase classname="backend.tests.test_events_and_ai.TestEventsCRUD" name="test_list_registrations" time="0.274" /><testcase classname="backend.tests.test_events_and_ai.TestEventsCRUD" name="test_export_events_csv" time="0.145" /><testcase classname="backend.tests.test_events_and_ai.TestEventsCRUD" name="test_export_registrations_csv" time="0.217" /><testcase classname="backend.tests.test_events_and_ai.TestEventsCRUD" name="test_delete_event" time="0.257" /><testcase classname="backend.tests.test_events_and_ai.TestEventsCRUD" name="test_unauth_list_events" time="0.120" /><testcase classname="backend.tests.test_events_and_ai.TestAIImage" name="test_generate_image_validation" time="2.823" /><testcase classname="backend.tests.test_events_and_ai.TestAIImage" name="test_generate_image_unauth" time="0.160" /><testcase classname="backend.tests.test_events_and_ai.TestAIImage" name="test_generate_image_success" time="30.402" /></testsuite></testsuites>