<?xml version="1.0" encoding="utf-8"?><testsuites name="pytest tests"><testsuite name="pytest" errors="0" failures="0" skipped="0" tests="27" time="3.992" timestamp="2026-03-13T09:33:13.499305+00:00" hostname="agent-env-16d90e99-9e8a-400b-9542-24c796449745"><testcase classname="backend.tests.test_iteration10_api_fixes.TestBackendStartup" name="test_health_check" time="0.131" /><testcase classname="backend.tests.test_iteration10_api_fixes.TestBackendStartup" name="test_reviews_route_loads" time="0.447" /><testcase classname="backend.tests.test_iteration10_api_fixes.TestBackendStartup" name="test_social_posts_route_loads" time="0.106" /><testcase classname="backend.tests.test_iteration10_api_fixes.TestBackendStartup" name="test_sync_status_route_loads" time="0.102" /><testcase classname="backend.tests.test_iteration10_api_fixes.TestReviewsEndpoints" name="test_get_reviews_all" time="0.106" /><testcase classname="backend.tests.test_iteration10_api_fixes.TestReviewsEndpoints" name="test_get_reviews_with_branch_id" time="0.219" /><testcase classname="backend.tests.test_iteration10_api_fixes.TestReviewsEndpoints" name="test_get_reviews_sentiment_filter" time="0.107" /><testcase classname="backend.tests.test_iteration10_api_fixes.TestReviewsEndpoints" name="test_get_reviews_pagination" time="0.110" /><testcase classname="backend.tests.test_iteration10_api_fixes.TestReviewsEndpoints" name="test_get_reviews_counts" time="0.102" /><testcase classname="backend.tests.test_iteration10_api_fixes.TestDemoDataAndSentiment" name="test_seed_demo_data" time="0.111" /><testcase classname="backend.tests.test_iteration10_api_fixes.TestDemoDataAndSentiment" name="test_reviews_have_data_after_seed" time="0.114" /><testcase classname="backend.tests.test_iteration10_api_fixes.TestDemoDataAndSentiment" name="test_analyze_sentiment_endpoint" time="0.114" /><testcase classname="backend.tests.test_iteration10_api_fixes.TestDemoDataAndSentiment" name="test_reviews_have_sentiment_after_analysis" time="0.103" /><testcase classname="backend.tests.test_iteration10_api_fixes.TestReviewReply" name="test_reply_to_review_saves_to_db" time="0.342" /><testcase classname="backend.tests.test_iteration10_api_fixes.TestReviewReply" name="test_reply_to_nonexistent_review_returns_404" time="0.111" /><testcase classname="backend.tests.test_iteration10_api_fixes.TestSocialPostsEndpoints" name="test_get_social_posts" time="0.117" /><testcase classname="backend.tests.test_iteration10_api_fixes.TestSocialPostsEndpoints" name="test_get_social_posts_with_branch_id" time="0.105" /><testcase classname="backend.tests.test_iteration10_api_fixes.TestSocialPostsEndpoints" name="test_get_social_posts_has_comment_counts" time="0.115" /><testcase classname="backend.tests.test_iteration10_api_fixes.TestSocialPostsEndpoints" name="test_comment_reply_saves_to_db" time="0.436" /><testcase classname="backend.tests.test_iteration10_api_fixes.TestSyncEndpoints" name="test_google_test_connection_no_credentials" time="0.103" /><testcase classname="backend.tests.test_iteration10_api_fixes.TestSyncEndpoints" name="test_google_sync_no_credentials" time="0.112" /><testcase classname="backend.tests.test_iteration10_api_fixes.TestSyncEndpoints" name="test_facebook_sync_no_credentials" time="0.099" /><testcase classname="backend.tests.test_iteration10_api_fixes.TestSyncEndpoints" name="test_youtube_sync_no_credentials" time="0.109" /><testcase classname="backend.tests.test_iteration10_api_fixes.TestSyncEndpoints" name="test_reddit_sync_no_credentials" time="0.095" /><testcase classname="backend.tests.test_iteration10_api_fixes.TestSyncEndpoints" name="test_sync_status_endpoint" time="0.103" /><testcase classname="backend.tests.test_iteration10_api_fixes.TestSyncEndpoints" name="test_invalid_platform_test_returns_400" time="0.101" /><testcase classname="backend.tests.test_iteration10_api_fixes.TestCleanupDemoData" name="test_clear_demo_data" time="0.112" /></testsuite></testsuites>