<?xml version="1.0" encoding="utf-8"?><testsuites name="pytest tests"><testsuite name="pytest" errors="0" failures="0" skipped="0" tests="13" time="1.821" timestamp="2026-03-18T09:24:15.920929+00:00" hostname="agent-env-bb140fe2-1201-4510-941a-d009c079012e"><testcase classname="backend.tests.test_notification_api.TestNotificationAPI" name="test_health_check" time="0.183" /><testcase classname="backend.tests.test_notification_api.TestNotificationAPI" name="test_login_success" time="0.290" /><testcase classname="backend.tests.test_notification_api.TestNotificationAPI" name="test_get_notifications_empty_initially" time="0.326" /><testcase classname="backend.tests.test_notification_api.TestNotificationAPI" name="test_get_unread_count" time="0.053" /><testcase classname="backend.tests.test_notification_api.TestNotificationAPI" name="test_mark_notification_read_not_found" time="0.052" /><testcase classname="backend.tests.test_notification_api.TestNotificationAPI" name="test_mark_all_read" time="0.047" /><testcase classname="backend.tests.test_notification_api.TestNotificationWithTestData" name="test_create_and_fetch_notification_via_db" time="0.429" /><testcase classname="backend.tests.test_notification_api.TestNotificationWithTestData" name="test_get_notifications_with_limit_offset" time="0.048" /><testcase classname="backend.tests.test_notification_api.TestNotificationWithTestData" name="test_get_unread_count_consistency" time="0.106" /><testcase classname="backend.tests.test_notification_api.TestUnauthorizedAccess" name="test_get_notifications_unauthorized" time="0.092" /><testcase classname="backend.tests.test_notification_api.TestUnauthorizedAccess" name="test_get_unread_count_unauthorized" time="0.042" /><testcase classname="backend.tests.test_notification_api.TestUnauthorizedAccess" name="test_mark_read_unauthorized" time="0.039" /><testcase classname="backend.tests.test_notification_api.TestUnauthorizedAccess" name="test_mark_all_read_unauthorized" time="0.052" /></testsuite></testsuites>