<?xml version="1.0" encoding="utf-8"?><testsuites name="pytest tests"><testsuite name="pytest" errors="0" failures="1" skipped="0" tests="25" time="3.072" timestamp="2026-02-20T11:30:11.529759+00:00" hostname="agent-env-a655c1c7-50d9-4b3b-9563-b4f24e25c44d"><testcase classname="backend.tests.test_iteration3_branches.TestBranchesAPI" name="test_get_branches_returns_200" time="0.503" /><testcase classname="backend.tests.test_iteration3_branches.TestBranchesAPI" name="test_get_branches_returns_list" time="0.049" /><testcase classname="backend.tests.test_iteration3_branches.TestBranchesAPI" name="test_get_branches_has_two_branches" time="0.059" /><testcase classname="backend.tests.test_iteration3_branches.TestBranchesAPI" name="test_get_branches_has_required_fields" time="0.050" /><testcase classname="backend.tests.test_iteration3_branches.TestBranchesAPI" name="test_get_branches_branch_names_correct" time="0.049" /><testcase classname="backend.tests.test_iteration3_branches.TestBranchesAPI" name="test_main_branch_has_8_reviews" time="0.051" /><testcase classname="backend.tests.test_iteration3_branches.TestBranchesAPI" name="test_downtown_branch_has_0_reviews" time="0.057" /><testcase classname="backend.tests.test_iteration3_branches.TestBranchesAPI" name="test_super_admin_cannot_get_branches" time="0.432" /><testcase classname="backend.tests.test_iteration3_branches.TestBranchesAPI" name="test_dept_user_can_get_branches" time="0.459" /><testcase classname="backend.tests.test_iteration3_branches.TestBranchScopedReviews" name="test_reviews_with_main_branch_returns_8" time="0.106" /><testcase classname="backend.tests.test_iteration3_branches.TestBranchScopedReviews" name="test_reviews_with_downtown_branch_returns_0" time="0.050" /><testcase classname="backend.tests.test_iteration3_branches.TestBranchScopedReviews" name="test_reviews_response_structure" time="0.052" /><testcase classname="backend.tests.test_iteration3_branches.TestBranchScopedReviews" name="test_all_reviews_in_main_branch_have_correct_location_id" time="0.049" /><testcase classname="backend.tests.test_iteration3_branches.TestBranchScopedReports" name="test_summary_with_main_branch_returns_8_total" time="0.111" /><testcase classname="backend.tests.test_iteration3_branches.TestBranchScopedReports" name="test_summary_with_downtown_branch_returns_0_total" time="0.049" /><testcase classname="backend.tests.test_iteration3_branches.TestBranchScopedReports" name="test_summary_response_structure" time="0.089" /><testcase classname="backend.tests.test_iteration3_branches.TestBranchCRUD" name="test_create_branch_success" time="0.058" /><testcase classname="backend.tests.test_iteration3_branches.TestBranchCRUD" name="test_created_branch_appears_in_list" time="0.061" /><testcase classname="backend.tests.test_iteration3_branches.TestBranchCRUD" name="test_create_branch_requires_name_validation" time="0.057" /><testcase classname="backend.tests.test_iteration3_branches.TestBranchCRUD" name="test_update_branch" time="0.046" /><testcase classname="backend.tests.test_iteration3_branches.TestBranchCRUD" name="test_delete_branch" time="0.048" /><testcase classname="backend.tests.test_iteration3_branches.TestBranchCRUD" name="test_cannot_delete_last_branch" time="0.048" /><testcase classname="backend.tests.test_iteration3_branches.TestBranchCRUD" name="test_dept_user_cannot_create_branch" time="0.052" /><testcase classname="backend.tests.test_iteration3_branches.TestDeptUserBranch" name="test_dept_user_has_branch_id_in_auth" time="0.324"><failure message="AssertionError: Missing branch_id in dept user login response: {'id': '6e4a752b-4bf4-4ce9-96b2-2b2659c41bda', 'email': 'frontdesk@grandhotel.com', 'name': 'Front Desk Staff', 'role': 'department', 'client_id': 'dd94cf40-0d5a-43c0-90cd-fba45ec68640', 'department_id': 'c86dc140-604d-4677-99fe-5c2c61b49adf', 'client': {'id': 'dd94cf40-0d5a-43c0-90cd-fba45ec68640', 'name': 'Grand Hotel', 'business_type': 'hotel', 'email': 'info@grandhotel.com', 'enabled_platforms': ['google', 'tripadvisor', 'facebook', 'instagram', 'linkedin', 'x'], 'locations': [{'id': '6edd50b6-b316-4103-b1e2-593e768ae9b3', 'name': 'Main Branch', 'address': '', 'is_active': True}, {'id': 'af9b322e-d4d2-4d69-8a5f-cb72487416db', 'name': 'Downtown Branch', 'address': '', 'is_active': True}], 'is_active': True, 'brand_tone': 'professional', 'language': 'English', 'approval_required': True, 'do_dont_rules': [], 'reply_templates': [], 'created_at': '2026-02-20T09:50:24.768393+00:00'}}&#10;assert 'branch_id' in {'client': {'approval_required': True, 'brand_tone': 'professional', 'business_type': 'hotel', 'created_at': '2026-02-20T09:50:24.768393+00:00', ...}, 'client_id': 'dd94cf40-0d5a-43c0-90cd-fba45ec68640', 'department_id': 'c86dc140-604d-4677-99fe-5c2c61b49adf', 'email': 'frontdesk@grandhotel.com', ...}">backend/tests/test_iteration3_branches.py:315: in test_dept_user_has_branch_id_in_auth
    assert "branch_id" in user, f"Missing branch_id in dept user login response: {user}"
E   AssertionError: Missing branch_id in dept user login response: {'id': '6e4a752b-4bf4-4ce9-96b2-2b2659c41bda', 'email': 'frontdesk@grandhotel.com', 'name': 'Front Desk Staff', 'role': 'department', 'client_id': 'dd94cf40-0d5a-43c0-90cd-fba45ec68640', 'department_id': 'c86dc140-604d-4677-99fe-5c2c61b49adf', 'client': {'id': 'dd94cf40-0d5a-43c0-90cd-fba45ec68640', 'name': 'Grand Hotel', 'business_type': 'hotel', 'email': 'info@grandhotel.com', 'enabled_platforms': ['google', 'tripadvisor', 'facebook', 'instagram', 'linkedin', 'x'], 'locations': [{'id': '6edd50b6-b316-4103-b1e2-593e768ae9b3', 'name': 'Main Branch', 'address': '', 'is_active': True}, {'id': 'af9b322e-d4d2-4d69-8a5f-cb72487416db', 'name': 'Downtown Branch', 'address': '', 'is_active': True}], 'is_active': True, 'brand_tone': 'professional', 'language': 'English', 'approval_required': True, 'do_dont_rules': [], 'reply_templates': [], 'created_at': '2026-02-20T09:50:24.768393+00:00'}}
E   assert 'branch_id' in {'client': {'approval_required': True, 'brand_tone': 'professional', 'business_type': 'hotel', 'created_at': '2026-02-20T09:50:24.768393+00:00', ...}, 'client_id': 'dd94cf40-0d5a-43c0-90cd-fba45ec68640', 'department_id': 'c86dc140-604d-4677-99fe-5c2c61b49adf', 'email': 'frontdesk@grandhotel.com', ...}</failure></testcase><testcase classname="backend.tests.test_iteration3_branches.TestDeptUserBranch" name="test_dept_user_reviews_scoped_to_branch" time="0.056" /></testsuite></testsuites>