<?xml version="1.0" encoding="utf-8"?><testsuites name="pytest tests"><testsuite name="pytest" errors="0" failures="0" skipped="0" tests="24" time="4.505" timestamp="2026-02-20T12:27:34.292786+00:00" hostname="agent-env-a655c1c7-50d9-4b3b-9563-b4f24e25c44d"><testcase classname="backend.tests.test_iteration4_login_key.TestDemoEndpoint" name="test_demo_returns_200" time="0.163" /><testcase classname="backend.tests.test_iteration4_login_key.TestDemoEndpoint" name="test_demo_has_business_key_field" time="0.054" /><testcase classname="backend.tests.test_iteration4_login_key.TestDemoEndpoint" name="test_demo_has_business_name_field" time="0.056" /><testcase classname="backend.tests.test_iteration4_login_key.TestDemoEndpoint" name="test_demo_key_matches_grand_hotel" time="0.054" /><testcase classname="backend.tests.test_iteration4_login_key.TestDemoEndpoint" name="test_demo_key_format" time="0.092" /><testcase classname="backend.tests.test_iteration4_login_key.TestLoginKeyValidation" name="test_missing_key_returns_422" time="0.049" /><testcase classname="backend.tests.test_iteration4_login_key.TestLoginKeyValidation" name="test_empty_key_returns_401" time="0.048" /><testcase classname="backend.tests.test_iteration4_login_key.TestLoginKeyValidation" name="test_wrong_key_returns_401" time="0.047" /><testcase classname="backend.tests.test_iteration4_login_key.TestLoginKeyValidation" name="test_wrong_key_error_message" time="0.056" /><testcase classname="backend.tests.test_iteration4_login_key.TestSuccessfulLogins" name="test_super_admin_login_with_sa_key" time="0.288" /><testcase classname="backend.tests.test_iteration4_login_key.TestSuccessfulLogins" name="test_business_admin_login_with_biz_key" time="0.282" /><testcase classname="backend.tests.test_iteration4_login_key.TestSuccessfulLogins" name="test_dept_user_login_with_biz_key" time="0.279" /><testcase classname="backend.tests.test_iteration4_login_key.TestSuccessfulLogins" name="test_login_response_has_token_and_user" time="0.271" /><testcase classname="backend.tests.test_iteration4_login_key.TestSuccessfulLogins" name="test_ba_login_response_has_client_data" time="0.273" /><testcase classname="backend.tests.test_iteration4_login_key.TestCrossBusinessPrevention" name="test_sa_key_for_business_admin_fails" time="0.050" /><testcase classname="backend.tests.test_iteration4_login_key.TestCrossBusinessPrevention" name="test_biz_key_for_super_admin_fails" time="0.056" /><testcase classname="backend.tests.test_iteration4_login_key.TestCrossBusinessPrevention" name="test_correct_key_wrong_password" time="0.271" /><testcase classname="backend.tests.test_iteration4_login_key.TestCrossBusinessPrevention" name="test_correct_key_wrong_email" time="0.052" /><testcase classname="backend.tests.test_iteration4_login_key.TestClientsBusinessKey" name="test_get_clients_returns_business_key" time="0.332" /><testcase classname="backend.tests.test_iteration4_login_key.TestClientsBusinessKey" name="test_grand_hotel_has_correct_key" time="0.154" /><testcase classname="backend.tests.test_iteration4_login_key.TestClientsBusinessKey" name="test_new_client_creation_returns_business_key" time="0.670" /><testcase classname="backend.tests.test_iteration4_login_key.TestKeyCaseHandling" name="test_sa_key_lowercase" time="0.274" /><testcase classname="backend.tests.test_iteration4_login_key.TestKeyCaseHandling" name="test_biz_key_lowercase" time="0.275" /><testcase classname="backend.tests.test_iteration4_login_key.TestKeyCaseHandling" name="test_sa_key_with_spaces" time="0.276" /></testsuite></testsuites>