<?xml version="1.0" encoding="utf-8"?><testsuites name="pytest tests"><testsuite name="pytest" errors="0" failures="0" skipped="0" tests="18" time="2.611" timestamp="2026-02-20T15:44:33.521863+00:00" hostname="agent-env-4674ed18-1364-4136-8e8d-92b4dffcdea2"><testcase classname="tests.test_iteration8_sync_api.TestHealthCheck" name="test_api_health" time="0.321" /><testcase classname="tests.test_iteration8_sync_api.TestSyncTestEndpoints" name="test_google_test_endpoint" time="0.460" /><testcase classname="tests.test_iteration8_sync_api.TestSyncTestEndpoints" name="test_facebook_test_endpoint" time="0.065" /><testcase classname="tests.test_iteration8_sync_api.TestSyncTestEndpoints" name="test_youtube_test_endpoint" time="0.072" /><testcase classname="tests.test_iteration8_sync_api.TestSyncTestEndpoints" name="test_reddit_test_endpoint" time="0.061" /><testcase classname="tests.test_iteration8_sync_api.TestSyncTestEndpoints" name="test_invalid_platform_returns_400" time="0.068" /><testcase classname="tests.test_iteration8_sync_api.TestSyncEndpoints" name="test_google_sync_endpoint" time="0.067" /><testcase classname="tests.test_iteration8_sync_api.TestSyncEndpoints" name="test_facebook_sync_endpoint" time="0.072" /><testcase classname="tests.test_iteration8_sync_api.TestSyncEndpoints" name="test_youtube_sync_endpoint" time="0.063" /><testcase classname="tests.test_iteration8_sync_api.TestSyncEndpoints" name="test_reddit_sync_endpoint" time="0.075" /><testcase classname="tests.test_iteration8_sync_api.TestSyncStatusEndpoint" name="test_sync_status_returns_platforms" time="0.095" /><testcase classname="tests.test_iteration8_sync_api.TestSyncStatusEndpoint" name="test_sync_status_with_branch_id" time="0.060" /><testcase classname="tests.test_iteration8_sync_api.TestAuthRequirements" name="test_sync_test_requires_auth" time="0.151" /><testcase classname="tests.test_iteration8_sync_api.TestAuthRequirements" name="test_sync_trigger_requires_auth" time="0.131" /><testcase classname="tests.test_iteration8_sync_api.TestAuthRequirements" name="test_sync_status_requires_auth" time="0.160" /><testcase classname="tests.test_iteration8_sync_api.TestAPIServiceClasses" name="test_all_syncable_platforms_have_test_endpoints" time="0.294" /><testcase classname="tests.test_iteration8_sync_api.TestAPIServiceClasses" name="test_all_syncable_platforms_have_sync_endpoints" time="0.273" /><testcase classname="tests.test_iteration8_sync_api.TestSchedulerConfig" name="test_scheduler_file_exists" time="0.001" /></testsuite></testsuites>