<?xml version="1.0" encoding="utf-8"?><testsuites name="pytest tests"><testsuite name="pytest" errors="0" failures="0" skipped="0" tests="14" time="4.356" timestamp="2026-02-20T15:20:34.904007+00:00" hostname="agent-env-4674ed18-1364-4136-8e8d-92b4dffcdea2"><testcase classname="backend.tests.test_iteration7_edit_client_platforms.TestSuperAdminAuth" name="test_superadmin_login" time="0.589" /><testcase classname="backend.tests.test_iteration7_edit_client_platforms.TestPlatformConfigs" name="test_platform_configs_returns_9_platforms" time="0.468" /><testcase classname="backend.tests.test_iteration7_edit_client_platforms.TestPlatformConfigs" name="test_youtube_config_structure" time="0.055" /><testcase classname="backend.tests.test_iteration7_edit_client_platforms.TestPlatformConfigs" name="test_reddit_config_structure" time="0.057" /><testcase classname="backend.tests.test_iteration7_edit_client_platforms.TestPlatformConfigs" name="test_booking_config_structure" time="0.064" /><testcase classname="backend.tests.test_iteration7_edit_client_platforms.TestSuperAdminPlatformsList" name="test_superadmin_platforms_endpoint" time="0.604" /><testcase classname="backend.tests.test_iteration7_edit_client_platforms.TestEditClientAPI" name="test_get_clients_returns_client_list" time="0.499" /><testcase classname="backend.tests.test_iteration7_edit_client_platforms.TestEditClientAPI" name="test_get_single_client" time="0.156" /><testcase classname="backend.tests.test_iteration7_edit_client_platforms.TestEditClientAPI" name="test_update_client_status" time="0.359" /><testcase classname="backend.tests.test_iteration7_edit_client_platforms.TestEditClientAPI" name="test_update_client_enabled_platforms" time="0.215" /><testcase classname="backend.tests.test_iteration7_edit_client_platforms.TestEditClientAPI" name="test_update_client_name" time="0.281" /><testcase classname="backend.tests.test_iteration7_edit_client_platforms.TestEditClientAPI" name="test_update_client_multiple_fields" time="0.287" /><testcase classname="backend.tests.test_iteration7_edit_client_platforms.TestEditClientNotFound" name="test_update_nonexistent_client" time="0.449" /><testcase classname="backend.tests.test_iteration7_edit_client_platforms.TestEditClientNotFound" name="test_update_with_empty_data" time="0.159" /></testsuite></testsuites>