<?xml version="1.0" encoding="utf-8"?><testsuites name="pytest tests"><testsuite name="pytest" errors="0" failures="0" skipped="0" tests="11" time="6.873" timestamp="2026-02-20T10:46:52.711045+00:00" hostname="agent-env-a655c1c7-50d9-4b3b-9563-b4f24e25c44d"><testcase classname="backend.tests.test_iteration2.TestLoginAllRoles" name="test_super_admin_login" time="0.414" /><testcase classname="backend.tests.test_iteration2.TestLoginAllRoles" name="test_business_admin_login" time="0.278" /><testcase classname="backend.tests.test_iteration2.TestLoginAllRoles" name="test_department_user_login" time="0.272" /><testcase classname="backend.tests.test_iteration2.TestChangePassword" name="test_change_password_unauthenticated" time="0.051" /><testcase classname="backend.tests.test_iteration2.TestChangePassword" name="test_change_password_wrong_current_sa" time="0.552" /><testcase classname="backend.tests.test_iteration2.TestChangePassword" name="test_change_password_wrong_current_biz" time="0.542" /><testcase classname="backend.tests.test_iteration2.TestChangePassword" name="test_change_password_wrong_current_dept" time="0.544" /><testcase classname="backend.tests.test_iteration2.TestChangePassword" name="test_change_password_mismatch_new" time="0.539" /><testcase classname="backend.tests.test_iteration2.TestChangePassword" name="test_change_password_too_short" time="0.539" /><testcase classname="backend.tests.test_iteration2.TestChangePassword" name="test_change_password_correct_biz_and_restore" time="1.543" /><testcase classname="backend.tests.test_iteration2.TestChangePassword" name="test_change_password_correct_dept_and_restore" time="1.532" /></testsuite></testsuites>