<?xml version="1.0" encoding="utf-8"?><testsuites name="pytest tests"><testsuite name="pytest" errors="0" failures="0" skipped="0" tests="23" time="4.350" timestamp="2026-02-20T13:36:28.901939+00:00" hostname="agent-env-4674ed18-1364-4136-8e8d-92b4dffcdea2"><testcase classname="backend.tests.test_iteration5_platforms_scheduler.TestPlatformConfigsAPI" name="test_get_configs_requires_auth" time="0.130" /><testcase classname="backend.tests.test_iteration5_platforms_scheduler.TestPlatformConfigsAPI" name="test_get_configs_returns_all_platforms" time="0.481" /><testcase classname="backend.tests.test_iteration5_platforms_scheduler.TestPlatformConfigsAPI" name="test_google_config_has_oauth_fields" time="0.118" /><testcase classname="backend.tests.test_iteration5_platforms_scheduler.TestPlatformConfigsAPI" name="test_tripadvisor_uses_api_key" time="0.115" /><testcase classname="backend.tests.test_iteration5_platforms_scheduler.TestPlatformCredentialsAPI" name="test_get_credentials_requires_business_admin" time="0.104" /><testcase classname="backend.tests.test_iteration5_platforms_scheduler.TestPlatformCredentialsAPI" name="test_save_credentials_unknown_platform" time="0.155" /><testcase classname="backend.tests.test_iteration5_platforms_scheduler.TestPlatformCredentialsAPI" name="test_save_credentials_google" time="0.117" /><testcase classname="backend.tests.test_iteration5_platforms_scheduler.TestPlatformCredentialsAPI" name="test_get_credentials_masks_secrets" time="0.223" /><testcase classname="backend.tests.test_iteration5_platforms_scheduler.TestScheduledPostsAPI" name="test_get_scheduled_posts_requires_auth" time="0.107" /><testcase classname="backend.tests.test_iteration5_platforms_scheduler.TestScheduledPostsAPI" name="test_get_scheduled_posts_empty_list" time="0.102" /><testcase classname="backend.tests.test_iteration5_platforms_scheduler.TestScheduledPostsAPI" name="test_create_scheduled_post_requires_content" time="0.169" /><testcase classname="backend.tests.test_iteration5_platforms_scheduler.TestScheduledPostsAPI" name="test_create_scheduled_post_requires_platforms" time="0.101" /><testcase classname="backend.tests.test_iteration5_platforms_scheduler.TestScheduledPostsAPI" name="test_create_scheduled_post_requires_future_datetime" time="0.256" /><testcase classname="backend.tests.test_iteration5_platforms_scheduler.TestScheduledPostsAPI" name="test_create_scheduled_post_success" time="0.126" /><testcase classname="backend.tests.test_iteration5_platforms_scheduler.TestScheduledPostsAPI" name="test_get_scheduled_post_by_id" time="0.223" /><testcase classname="backend.tests.test_iteration5_platforms_scheduler.TestScheduledPostsAPI" name="test_get_scheduled_post_not_found" time="0.118" /><testcase classname="backend.tests.test_iteration5_platforms_scheduler.TestScheduledPostsAPI" name="test_delete_scheduled_post" time="0.341" /><testcase classname="backend.tests.test_iteration5_platforms_scheduler.TestScheduledPostsAPI" name="test_publish_now_scheduled_post" time="0.221" /><testcase classname="backend.tests.test_iteration5_platforms_scheduler.TestScheduledPostsAPI" name="test_publish_now_not_found" time="0.097" /><testcase classname="backend.tests.test_iteration5_platforms_scheduler.TestScheduledPostsFiltering" name="test_filter_by_status" time="0.100" /><testcase classname="backend.tests.test_iteration5_platforms_scheduler.TestScheduledPostsFiltering" name="test_pagination" time="0.104" /><testcase classname="backend.tests.test_iteration5_platforms_scheduler.TestCleanup" name="test_cleanup_test_posts" time="0.760" /><testcase classname="backend.tests.test_iteration5_platforms_scheduler.TestCleanup" name="test_cleanup_test_credentials" time="0.000" /></testsuite></testsuites>