<?xml version="1.0" encoding="utf-8"?><testsuites name="pytest tests"><testsuite name="pytest" errors="0" failures="0" skipped="0" tests="37" time="8.953" timestamp="2026-02-20T09:48:33.743680+00:00" hostname="agent-env-53839668-dda9-4008-9eae-a65af8a12613"><testcase classname="backend.tests.test_handlyee.TestAuth" name="test_health" time="0.473" /><testcase classname="backend.tests.test_handlyee.TestAuth" name="test_super_admin_login" time="0.279" /><testcase classname="backend.tests.test_handlyee.TestAuth" name="test_invalid_login" time="0.053" /><testcase classname="backend.tests.test_handlyee.TestAuth" name="test_get_me" time="0.341" /><testcase classname="backend.tests.test_handlyee.TestSuperAdmin" name="test_get_stats" time="0.055" /><testcase classname="backend.tests.test_handlyee.TestSuperAdmin" name="test_get_clients" time="0.054" /><testcase classname="backend.tests.test_handlyee.TestSuperAdmin" name="test_create_client" time="0.107" /><testcase classname="backend.tests.test_handlyee.TestSuperAdmin" name="test_get_single_client" time="0.054" /><testcase classname="backend.tests.test_handlyee.TestSuperAdmin" name="test_get_platforms" time="0.051" /><testcase classname="backend.tests.test_handlyee.TestReviews" name="test_get_reviews" time="0.375" /><testcase classname="backend.tests.test_handlyee.TestReviews" name="test_get_reviews_filter_platform" time="0.048" /><testcase classname="backend.tests.test_handlyee.TestReviews" name="test_get_review_detail" time="0.097" /><testcase classname="backend.tests.test_handlyee.TestReviews" name="test_reply_to_review" time="0.098" /><testcase classname="backend.tests.test_handlyee.TestReviews" name="test_assign_review" time="0.149" /><testcase classname="backend.tests.test_handlyee.TestReviews" name="test_review_counts" time="0.046" /><testcase classname="backend.tests.test_handlyee.TestSocial" name="test_get_posts" time="0.052" /><testcase classname="backend.tests.test_handlyee.TestSocial" name="test_filter_posts_by_platform" time="0.048" /><testcase classname="backend.tests.test_handlyee.TestSocial" name="test_get_post_detail_with_comments" time="0.097" /><testcase classname="backend.tests.test_handlyee.TestSocial" name="test_reply_to_comment" time="0.149" /><testcase classname="backend.tests.test_handlyee.TestSocial" name="test_social_counts" time="0.046" /><testcase classname="backend.tests.test_handlyee.TestDepartments" name="test_get_departments" time="0.052" /><testcase classname="backend.tests.test_handlyee.TestDepartments" name="test_create_department" time="0.049" /><testcase classname="backend.tests.test_handlyee.TestDepartments" name="test_add_user_to_department" time="0.100" /><testcase classname="backend.tests.test_handlyee.TestDepartments" name="test_get_dept_users" time="0.106" /><testcase classname="backend.tests.test_handlyee.TestSettings" name="test_get_settings" time="0.047" /><testcase classname="backend.tests.test_handlyee.TestSettings" name="test_update_settings" time="0.050" /><testcase classname="backend.tests.test_handlyee.TestSettings" name="test_get_platforms" time="0.047" /><testcase classname="backend.tests.test_handlyee.TestSettings" name="test_connect_platform" time="0.047" /><testcase classname="backend.tests.test_handlyee.TestSettings" name="test_disconnect_platform" time="0.052" /><testcase classname="backend.tests.test_handlyee.TestSettings" name="test_get_locations" time="0.050" /><testcase classname="backend.tests.test_handlyee.TestReports" name="test_get_reports" time="0.049" /><testcase classname="backend.tests.test_handlyee.TestReports" name="test_reports_trends" time="0.046" /><testcase classname="backend.tests.test_handlyee.TestReports" name="test_reports_structure" time="0.048" /><testcase classname="backend.tests.test_handlyee.TestAI" name="test_suggest_reply" time="4.708" /><testcase classname="backend.tests.test_handlyee.TestDeptUser" name="test_dept_user_login" time="0.283" /><testcase classname="backend.tests.test_handlyee.TestDeptUser" name="test_dept_user_assignments" time="0.391" /><testcase classname="backend.tests.test_handlyee.TestPendingApprovals" name="test_get_pending_approvals" time="0.050" /></testsuite></testsuites>