<?xml version="1.0" encoding="utf-8"?><testsuites name="pytest tests"><testsuite name="pytest" errors="0" failures="0" skipped="0" tests="26" time="5.623" timestamp="2026-02-20T15:01:53.953691+00:00" hostname="agent-env-4674ed18-1364-4136-8e8d-92b4dffcdea2"><testcase classname="backend.tests.test_iteration6_oauth_encryption.TestBookingPlatformConfig" name="test_platform_configs_includes_booking" time="0.651" /><testcase classname="backend.tests.test_iteration6_oauth_encryption.TestBookingPlatformConfig" name="test_configs_now_has_7_platforms" time="0.128" /><testcase classname="backend.tests.test_iteration6_oauth_encryption.TestOAuthUrlGeneration" name="test_oauth_url_requires_auth" time="0.150" /><testcase classname="backend.tests.test_iteration6_oauth_encryption.TestOAuthUrlGeneration" name="test_oauth_url_unknown_platform" time="0.132" /><testcase classname="backend.tests.test_iteration6_oauth_encryption.TestOAuthUrlGeneration" name="test_oauth_url_non_oauth_platform" time="0.138" /><testcase classname="backend.tests.test_iteration6_oauth_encryption.TestOAuthUrlGeneration" name="test_oauth_url_requires_credentials_first" time="0.309" /><testcase classname="backend.tests.test_iteration6_oauth_encryption.TestOAuthUrlGeneration" name="test_oauth_url_generates_with_credentials" time="0.328" /><testcase classname="backend.tests.test_iteration6_oauth_encryption.TestOAuthCallback" name="test_oauth_callback_requires_auth" time="0.151" /><testcase classname="backend.tests.test_iteration6_oauth_encryption.TestOAuthCallback" name="test_oauth_callback_invalid_state" time="0.174" /><testcase classname="backend.tests.test_iteration6_oauth_encryption.TestOAuthCallback" name="test_oauth_callback_with_valid_state_but_fake_code" time="0.709" /><testcase classname="backend.tests.test_iteration6_oauth_encryption.TestTokenRefresh" name="test_token_refresh_requires_auth" time="0.143" /><testcase classname="backend.tests.test_iteration6_oauth_encryption.TestTokenRefresh" name="test_token_refresh_unknown_platform" time="0.190" /><testcase classname="backend.tests.test_iteration6_oauth_encryption.TestTokenRefresh" name="test_token_refresh_non_oauth_platform" time="0.230" /><testcase classname="backend.tests.test_iteration6_oauth_encryption.TestTokenRefresh" name="test_token_refresh_no_connection" time="0.227" /><testcase classname="backend.tests.test_iteration6_oauth_encryption.TestConnectionStatus" name="test_connection_status_requires_auth" time="0.200" /><testcase classname="backend.tests.test_iteration6_oauth_encryption.TestConnectionStatus" name="test_connection_status_returns_valid_response" time="0.142" /><testcase classname="backend.tests.test_iteration6_oauth_encryption.TestConnectionStatus" name="test_connection_status_returns_safe_data" time="0.165" /><testcase classname="backend.tests.test_iteration6_oauth_encryption.TestTokenEncryption" name="test_credentials_saved_with_encryption" time="0.178" /><testcase classname="backend.tests.test_iteration6_oauth_encryption.TestTokenEncryption" name="test_credentials_get_returns_masked" time="0.182" /><testcase classname="backend.tests.test_iteration6_oauth_encryption.TestSchedulerAutoPublish" name="test_create_scheduled_post_for_auto_publish" time="0.348" /><testcase classname="backend.tests.test_iteration6_oauth_encryption.TestSchedulerAutoPublish" name="test_scheduler_info_in_logs" time="0.000" /><testcase classname="backend.tests.test_iteration6_oauth_encryption.TestBookingPlatformCredentials" name="test_save_booking_credentials" time="0.131" /><testcase classname="backend.tests.test_iteration6_oauth_encryption.TestBookingPlatformCredentials" name="test_get_booking_credentials_masked" time="0.170" /><testcase classname="backend.tests.test_iteration6_oauth_encryption.TestBookingPlatformCredentials" name="test_delete_booking_credentials" time="0.177" /><testcase classname="backend.tests.test_iteration6_oauth_encryption.TestCleanup" name="test_cleanup_test_credentials" time="0.000" /><testcase classname="backend.tests.test_iteration6_oauth_encryption.TestCleanup" name="test_cleanup_scheduled_posts" time="0.146" /></testsuite></testsuites>