<?xml version="1.0" encoding="utf-8"?><testsuites name="pytest tests"><testsuite name="pytest" errors="0" failures="0" skipped="0" tests="29" time="2.801" timestamp="2026-04-03T18:49:35.190731+00:00" hostname="agent-env-ecca42f4-9258-490a-a43b-9fbc373a38df"><testcase classname="backend.tests.test_review_link.TestHealthCheck" name="test_health_endpoint" time="0.245" /><testcase classname="backend.tests.test_review_link.TestAuthentication" name="test_login_success" time="0.301" /><testcase classname="backend.tests.test_review_link.TestReviewLinkSettings" name="test_get_settings_requires_auth" time="0.051" /><testcase classname="backend.tests.test_review_link.TestReviewLinkSettings" name="test_get_settings_with_auth" time="0.320" /><testcase classname="backend.tests.test_review_link.TestReviewLinkSettings" name="test_get_settings_with_branch_id" time="0.046" /><testcase classname="backend.tests.test_review_link.TestReviewLinkSettings" name="test_update_settings_requires_auth" time="0.113" /><testcase classname="backend.tests.test_review_link.TestReviewLinkSettings" name="test_update_settings_toggle_on" time="0.095" /><testcase classname="backend.tests.test_review_link.TestReviewLinkSettings" name="test_update_settings_toggle_off" time="0.146" /><testcase classname="backend.tests.test_review_link.TestPublicEndpoints" name="test_get_public_review_info" time="0.052" /><testcase classname="backend.tests.test_review_link.TestPublicEndpoints" name="test_get_public_review_info_invalid_branch" time="0.049" /><testcase classname="backend.tests.test_review_link.TestPublicEndpoints" name="test_get_public_platforms" time="0.060" /><testcase classname="backend.tests.test_review_link.TestReviewSubmission" name="test_submit_review_missing_name" time="0.048" /><testcase classname="backend.tests.test_review_link.TestReviewSubmission" name="test_submit_review_missing_email" time="0.044" /><testcase classname="backend.tests.test_review_link.TestReviewSubmission" name="test_submit_review_missing_rating" time="0.050" /><testcase classname="backend.tests.test_review_link.TestReviewSubmission" name="test_submit_review_invalid_rating_too_low" time="0.051" /><testcase classname="backend.tests.test_review_link.TestReviewSubmission" name="test_submit_review_invalid_rating_too_high" time="0.045" /><testcase classname="backend.tests.test_review_link.TestReviewSubmission" name="test_submit_positive_review_with_positive_only_on" time="0.097" /><testcase classname="backend.tests.test_review_link.TestReviewSubmission" name="test_submit_negative_review_with_positive_only_on" time="0.103" /><testcase classname="backend.tests.test_review_link.TestReviewSubmission" name="test_submit_positive_review_with_positive_only_off" time="0.111" /><testcase classname="backend.tests.test_review_link.TestReviewSubmission" name="test_submit_half_star_rating" time="0.104" /><testcase classname="backend.tests.test_review_link.TestSubmissionsList" name="test_get_submissions_requires_auth" time="0.123" /><testcase classname="backend.tests.test_review_link.TestSubmissionsList" name="test_get_submissions_with_auth" time="0.049" /><testcase classname="backend.tests.test_review_link.TestSubmissionsList" name="test_get_submissions_with_branch_filter" time="0.054" /><testcase classname="backend.tests.test_review_link.TestSubmissionsList" name="test_get_submissions_pagination" time="0.050" /><testcase classname="backend.tests.test_review_link.TestSubmissionsList" name="test_get_submissions_filter_positive" time="0.052" /><testcase classname="backend.tests.test_review_link.TestSubmissionsList" name="test_get_submissions_filter_negative" time="0.052" /><testcase classname="backend.tests.test_review_link.TestSubmissionsList" name="test_get_submissions_search" time="0.053" /><testcase classname="backend.tests.test_review_link.TestSubmissionsList" name="test_submission_data_structure" time="0.054" /><testcase classname="backend.tests.test_review_link.TestCleanup" name="test_restore_positive_only_setting" time="0.048" /></testsuite></testsuites>